#
# A fatal error has been detected by the Java Runtime Environment:
#
#  EXCEPTION_ACCESS_VIOLATION (0xc0000005) at pc=0x00000252743a99a7, pid=5728, tid=10820
#
# JRE version: Java(TM) SE Runtime Environment (17.0.6+9) (build 17.0.6+9-LTS-190)
# Java VM: Java HotSpot(TM) 64-Bit Server VM (17.0.6+9-LTS-190, mixed mode, emulated-client, sharing, tiered, compressed oops, compressed class ptrs, g1 gc, windows-amd64)
# Problematic frame:
# j  ch.qos.logback.core.joran.GenericXMLConfigurator.doConfigure(Ljava/io/InputStream;Ljava/lang/String;)V+0
#
# No core dump will be written. Minidumps are not enabled by default on client versions of Windows
#
# If you would like to submit a bug report, please visit:
#   https://bugreport.java.com/bugreport/crash.jsp
#

---------------  S U M M A R Y ------------

Command Line: -XX:TieredStopAtLevel=1 -Dspring.output.ansi.enabled=always -Dcom.sun.management.jmxremote -Dspring.jmx.enabled=true -Dspring.liveBeansView.mbeanDomain -Dspring.application.admin.enabled=true -javaagent:C:\Program Files\JetBrains\IntelliJ IDEA 2022.2.1\lib\idea_rt.jar=50781:C:\Program Files\JetBrains\IntelliJ IDEA 2022.2.1\bin -Dfile.encoding=UTF-8 com.lgguan.iot.position.ApplicationKt

Host: Intel(R) Core(TM) i5-4210U CPU @ 1.70GHz, 4 cores, 7G,  Windows 10 , 64 bit Build 19041 (10.0.19041.207)
Time: Thu May 11 00:49:02 2023  Windows 10 , 64 bit Build 19041 (10.0.19041.207) elapsed time: 1.787160 seconds (0d 0h 0m 1s)

---------------  T H R E A D  ---------------

Current thread (0x000002526b358f50):  JavaThread "main" [_thread_in_Java, id=10820, stack(0x0000008641000000,0x0000008641100000)]

Stack: [0x0000008641000000,0x0000008641100000],  sp=0x00000086410fe778,  free space=1017k
Native frames: (J=compiled Java code, j=interpreted, Vv=VM code, C=native code)
C  0x00000252743a99a7


siginfo: EXCEPTION_ACCESS_VIOLATION (0xc0000005), reading address 0xffffffffffffffff


Register to memory mapping:

RIP=0x00000252743a99a7 is at code_begin+103 in an Interpreter codelet
new  187 new  [0x00000252743a9940, 0x00000252743a9b60]  544 bytes
RAX=0x000002527f0bcd00 is pointing into metadata
RBX=0x00000000000000bb is an unknown value
RCX=0x0002000800c93e78 is an unknown value
RDX=0x000000000000000d is an unknown value
RSP=0x00000086410fe778 is pointing into the stack for thread: 0x000002526b358f50
RBP=0x00000086410fe7c8 is pointing into the stack for thread: 0x000002526b358f50
RSI=0x0000000088967140 is an oop: java.lang.String 
{0x0000000088967140} - klass: 'java/lang/String'
 - string: "file:/D:/GitHub/indoor-location-system/build/resources/main/logback.xml"
RDI=0x0 is NULL
R8 =0x0 is NULL
R9 =0x0 is NULL
R10=0x00007ff83a2166f0 jvm.dll
R11=0x00000000889670e8 is an oop: [B 
{0x00000000889670e8} - klass: {type array byte}
 - length: 71
R12=0x0 is NULL
R13=0x000002527f0be3c0 is pointing into metadata
R14=0x00000086410fe7f0 is pointing into the stack for thread: 0x000002526b358f50
R15=0x000002526b358f50 is a thread


Registers:
RAX=0x000002527f0bcd00, RBX=0x00000000000000bb, RCX=0x0002000800c93e78, RDX=0x000000000000000d
RSP=0x00000086410fe778, RBP=0x00000086410fe7c8, RSI=0x0000000088967140, RDI=0x0000000000000000
R8 =0x0000000000000000, R9 =0x0000000000000000, R10=0x00007ff83a2166f0, R11=0x00000000889670e8
R12=0x0000000000000000, R13=0x000002527f0be3c0, R14=0x00000086410fe7f0, R15=0x000002526b358f50
RIP=0x00000252743a99a7, EFLAGS=0x0000000000010246

Top of Stack: (sp=0x00000086410fe778)
0x00000086410fe778:   0002000800c93e78 00000086410fe780
0x00000086410fe788:   000002527f0be3c0 00000086410fe7f0
0x00000086410fe798:   000002527f0bf400 0000000000000000
0x00000086410fe7a8:   0000000087c2a408 000002527f0be418
0x00000086410fe7b8:   0000000000000000 00000086410fe7e0
0x00000086410fe7c8:   00000086410fe840 00000252743993d6
0x00000086410fe7d8:   0000000000000000 0000000088967140
0x00000086410fe7e8:   0000000088964fc8 0000000088964b00
0x00000086410fe7f8:   00000086410fe7f8 000002527f0bdd67
0x00000086410fe808:   00000086410fe888 000002527f0bf400
0x00000086410fe818:   0000000000000000 0000000087c2a408
0x00000086410fe828:   000002527f0bdea0 00000086410fe7e0
0x00000086410fe838:   00000086410fe880 00000086410fe8d8
0x00000086410fe848:   00000252743993d6 0000000000000000
0x00000086410fe858:   0000000000000000 0000000000000000
0x00000086410fe868:   0000000000000000 0000000088964f08 

Instructions: (pc=0x00000252743a99a7)
0x00000252743a98a7:   41 8b 55 01 f7 d2 48 8b 4d d0 c1 e2 02 48 8b 5c
0x00000252743a98b7:   d1 28 48 8b 44 d1 30 8b 54 d1 38 f7 c2 00 00 00
0x00000252743a98c7:   01 0f 84 21 00 00 00 53 48 8b d8 48 8b 45 e8 48
0x00000252743a98d7:   8b 40 08 48 8b 40 08 48 8b 40 10 48 8b 40 10 48
0x00000252743a98e7:   8b 00 8b 44 98 10 5b 50 c1 ea 1c 49 ba a0 1e 21
0x00000252743a98f7:   3a f8 7f 00 00 49 8b 14 d2 52 4c 8d 6c 24 08 4c
0x00000252743a9907:   89 6d f0 ff 63 50 66 66 90 00 00 00 00 00 00 00
0x00000252743a9917:   00 00 00 00 00 00 00 00 00 40 02 00 00 00 00 00
0x00000252743a9927:   00 50 b5 fa 39 f8 7f 00 00 bb 00 00 00 00 00 00
0x00000252743a9937:   00 00 00 00 00 00 00 00 00 48 83 ec 08 c5 fa 11
0x00000252743a9947:   04 24 e9 25 00 00 00 48 83 ec 10 c5 fb 11 04 24
0x00000252743a9957:   e9 17 00 00 00 48 83 ec 10 48 89 04 24 48 c7 44
0x00000252743a9967:   24 08 00 00 00 00 e9 01 00 00 00 50 41 0f b7 55
0x00000252743a9977:   01 0f ca c1 ea 10 48 8b 4d e8 48 8b 49 08 48 8b
0x00000252743a9987:   49 08 48 8b 41 08 80 7c 10 04 07 0f 85 df 00 00
0x00000252743a9997:   00 66 8b 54 d1 48 48 8b 49 28 48 8b 4c d1 08 51
0x00000252743a99a7:   80 b9 33 01 00 00 04 0f 85 c2 00 00 00 8b 51 08
0x00000252743a99b7:   f7 c2 01 00 00 00 0f 85 b3 00 00 00 49 8b 87 08
0x00000252743a99c7:   01 00 00 48 8d 1c 10 49 3b 9f 18 01 00 00 0f 87
0x00000252743a99d7:   9b 00 00 00 49 89 9f 08 01 00 00 e9 00 00 00 00
0x00000252743a99e7:   48 83 ea 10 0f 84 0f 00 00 00 33 c9 c1 ea 03 48
0x00000252743a99f7:   89 4c d0 08 48 ff ca 75 f6 48 c7 00 01 00 00 00
0x00000252743a9a07:   59 33 f6 89 70 0c 49 ba 00 00 00 00 08 00 00 00
0x00000252743a9a17:   49 2b ca 89 48 08 49 ba b6 fd 1e 3a f8 7f 00 00
0x00000252743a9a27:   41 80 3a 00 0f 84 40 00 00 00 50 48 8b c8 48 83
0x00000252743a9a37:   ec 20 f7 c4 0f 00 00 00 0f 84 1a 00 00 00 48 83
0x00000252743a9a47:   ec 08 49 ba 20 8c dc 39 f8 7f 00 00 41 ff d2 48
0x00000252743a9a57:   83 c4 08 e9 0d 00 00 00 49 ba 20 8c dc 39 f8 7f
0x00000252743a9a67:   00 00 41 ff d2 48 83 c4 20 58 e9 cd 00 00 00 59
0x00000252743a9a77:   48 8b 55 e8 48 8b 52 08 48 8b 52 08 45 0f b7 45
0x00000252743a9a87:   01 41 0f c8 41 c1 e8 10 e8 05 00 00 00 e9 aa 00
0x00000252743a9a97:   00 00 48 8d 44 24 08 4c 89 6d c0 49 8b cf c5 f8 


Stack slot to memory mapping:
stack at sp + 0 slots: 0x0002000800c93e78 is an unknown value
stack at sp + 1 slots: 0x00000086410fe780 is pointing into the stack for thread: 0x000002526b358f50
stack at sp + 2 slots: 0x000002527f0be3c0 is pointing into metadata
stack at sp + 3 slots: 0x00000086410fe7f0 is pointing into the stack for thread: 0x000002526b358f50
stack at sp + 4 slots: 0x000002527f0bf400 is pointing into metadata
stack at sp + 5 slots: 0x0 is NULL
stack at sp + 6 slots: 0x0000000087c2a408 is an oop: java.lang.Class 
{0x0000000087c2a408} - klass: 'java/lang/Class'
 - ---- fields (total size 14 words):
 - private volatile transient 'classRedefinedCount' 'I' @12  0
 - private volatile transient 'cachedConstructor' 'Ljava/lang/reflect/Constructor;' @40  NULL (0)
 - private transient 'name' 'Ljava/lang/String;' @44  "ch.qos.logback.core.joran.GenericXMLConfigurator"{0x0000000087c2a478} (87c2a478)
 - private transient 'module' 'Ljava/lang/Module;' @48  a 'java/lang/Module'{0x00000000817181c0} (817181c0)
 - private final 'classLoader' 'Ljava/lang/ClassLoader;' @52  a 'jdk/internal/loader/ClassLoaders$AppClassLoader'{0x0000000081718000} (81718000)
 - private transient 'classData' 'Ljava/lang/Object;' @56  NULL (0)
 - private transient 'packageName' 'Ljava/lang/String;' @60  "ch.qos.logback.core.joran"{0x0000000087de5f80} (87de5f80)
 - private final 'componentType' 'Ljava/lang/Class;' @64  NULL (0)
 - private volatile transient 'reflectionData' 'Ljava/lang/ref/SoftReference;' @68  NULL (0)
 - private volatile transient 'genericInfo' 'Lsun/reflect/generics/repository/ClassRepository;' @72  NULL (0)
 - private volatile transient 'enumConstants' '[Ljava/lang/Object;' @76  NULL (0)
 - private volatile transient 'enumConstantDirectory' 'Ljava/util/Map;' @80  NULL (0)
 - private volatile transient 'annotationData' 'Ljava/lang/Class$AnnotationData;' @84  NULL (0)
 - private volatile transient 'annotationType' 'Lsun/reflect/annotation/AnnotationType;' @88  NULL (0)
 - transient 'classValueMap' 'Ljava/lang/ClassValue$ClassValueMap;' @92  NULL (0)
 - signature: Lch/qos/logback/core/joran/GenericXMLConfigurator;
 - fake entry for mirror: 'ch/qos/logback/core/joran/GenericXMLConfigurator'
 - fake entry for array: NULL
 - fake entry for oop_size: 14
 - fake entry for static_oop_field_count: 0
stack at sp + 7 slots: {method} {0x000002527f0be420} 'doConfigure' '(Ljava/io/InputStream;Ljava/lang/String;)V' in 'ch/qos/logback/core/joran/GenericXMLConfigurator'

new  187 new  [0x00000252743a9940, 0x00000252743a9b60]  544 bytes
[MachCode]
  0x00000252743a9940: 4883 ec08 | c5fa 1104 | 24e9 2500 | 0000 4883 | ec10 c5fb | 1104 24e9 | 1700 0000 | 4883 ec10 
  0x00000252743a9960: 4889 0424 | 48c7 4424 | 0800 0000 | 00e9 0100 | 0000 5041 | 0fb7 5501 | 0fca c1ea | 1048 8b4d 
  0x00000252743a9980: e848 8b49 | 0848 8b49 | 0848 8b41 | 0880 7c10 | 0407 0f85 | df00 0000 | 668b 54d1 | 4848 8b49 
  0x00000252743a99a0: 2848 8b4c | d108 5180 | b933 0100 | 0004 0f85 | c200 0000 | 8b51 08f7 | c201 0000 | 000f 85b3 
  0x00000252743a99c0: 0000 0049 | 8b87 0801 | 0000 488d | 1c10 493b | 9f18 0100 | 000f 879b | 0000 0049 | 899f 0801 
  0x00000252743a99e0: 0000 e900 | 0000 0048 | 83ea 100f | 840f 0000 | 0033 c9c1 | ea03 4889 | 4cd0 0848 | ffca 75f6 
  0x00000252743a9a00: 48c7 0001 | 0000 0059 | 33f6 8970 | 0c49 ba00 | 0000 0008 | 0000 0049 | 2bca 8948 | 0849 bab6 
  0x00000252743a9a20: fd1e 3af8 | 7f00 0041 | 803a 000f | 8440 0000 | 0050 488b | c848 83ec | 20f7 c40f | 0000 000f 
  0x00000252743a9a40: 841a 0000 | 0048 83ec | 0849 ba20 | 8cdc 39f8 | 7f00 0041 | ffd2 4883 | c408 e90d | 0000 0049 
  0x00000252743a9a60: ba20 8cdc | 39f8 7f00 | 0041 ffd2 | 4883 c420 | 58e9 cd00 | 0000 5948 | 8b55 e848 | 8b52 0848 
  0x00000252743a9a80: 8b52 0845 | 0fb7 4501 | 410f c841 | c1e8 10e8 | 0500 0000 | e9aa 0000 | 0048 8d44 | 2408 4c89 
  0x00000252743a9aa0: 6dc0 498b | cfc5 f877 | 4989 af98 | 0200 0049 | 8987 8802 | 0000 4883 | ec20 f7c4 | 0f00 0000 
  0x00000252743a9ac0: 0f84 1a00 | 0000 4883 | ec08 49ba | 60a0 a639 | f87f 0000 | 41ff d248 | 83c4 08e9 | 0d00 0000 
  0x00000252743a9ae0: 49ba 60a0 | a639 f87f | 0000 41ff | d248 83c4 | 2049 c787 | 8802 0000 | 0000 0000 | 49c7 8798 
  0x00000252743a9b00: 0200 0000 | 0000 0049 | c787 9002 | 0000 0000 | 0000 c5f8 | 7749 817f | 0800 0000 | 000f 8405 
  0x00000252743a9b20: 0000 00e9 | d873 feff | 498b 87e0 | 0200 0049 | c787 e002 | 0000 0000 | 0000 4c8b | 6dc0 4c8b 
  0x00000252743a9b40: 75c8 c341 | 0fb6 5d03 | 4983 c503 | 49ba f05e | 213a f87f | 0000 41ff | 24da 660f | 1f44 0000 
[/MachCode]

---------------  P R O C E S S  ---------------

Threads class SMR info:
_java_thread_list=0x0000025201136200, length=18, elements={
0x000002526b358f50, 0x000002527e9b72c0, 0x000002527e9b88d0, 0x000002527e9d17c0,
0x000002527e9d4540, 0x000002527e9d66a0, 0x000002527e9d7050, 0x000002527e9d7a00,
0x000002527e9edab0, 0x000002527f542a00, 0x000002527f54d6c0, 0x000002527f54fbf0,
0x000002527f7fad10, 0x000002527f7fb1e0, 0x000002527fbba030, 0x00000252010e2040,
0x0000025201186c70, 0x00000252011895d0
}

Java Threads: ( => current thread )
=>0x000002526b358f50 JavaThread "main" [_thread_in_Java, id=10820, stack(0x0000008641000000,0x0000008641100000)]
  0x000002527e9b72c0 JavaThread "Reference Handler" daemon [_thread_blocked, id=7448, stack(0x0000008641700000,0x0000008641800000)]
  0x000002527e9b88d0 JavaThread "Finalizer" daemon [_thread_blocked, id=11336, stack(0x0000008641800000,0x0000008641900000)]
  0x000002527e9d17c0 JavaThread "Signal Dispatcher" daemon [_thread_blocked, id=10536, stack(0x0000008641900000,0x0000008641a00000)]
  0x000002527e9d4540 JavaThread "Attach Listener" daemon [_thread_blocked, id=10988, stack(0x0000008641a00000,0x0000008641b00000)]
  0x000002527e9d66a0 JavaThread "Service Thread" daemon [_thread_blocked, id=5008, stack(0x0000008641b00000,0x0000008641c00000)]
  0x000002527e9d7050 JavaThread "Monitor Deflation Thread" daemon [_thread_blocked, id=3168, stack(0x0000008641c00000,0x0000008641d00000)]
  0x000002527e9d7a00 JavaThread "C1 CompilerThread0" daemon [_thread_blocked, id=6376, stack(0x0000008641d00000,0x0000008641e00000)]
  0x000002527e9edab0 JavaThread "Sweeper thread" daemon [_thread_blocked, id=3708, stack(0x0000008641e00000,0x0000008641f00000)]
  0x000002527f542a00 JavaThread "Common-Cleaner" daemon [_thread_blocked, id=12100, stack(0x0000008641f00000,0x0000008642000000)]
  0x000002527f54d6c0 JavaThread "C1 CompilerThread1" daemon [_thread_blocked, id=3512, stack(0x0000008642000000,0x0000008642100000)]
  0x000002527f54fbf0 JavaThread "C1 CompilerThread2" daemon [_thread_blocked, id=8172, stack(0x0000008642100000,0x0000008642200000)]
  0x000002527f7fad10 JavaThread "Monitor Ctrl-Break" daemon [_thread_in_native, id=5548, stack(0x0000008642200000,0x0000008642300000)]
  0x000002527f7fb1e0 JavaThread "Notification Thread" daemon [_thread_blocked, id=8588, stack(0x0000008642300000,0x0000008642400000)]
  0x000002527fbba030 JavaThread "RMI TCP Accept-0" daemon [_thread_in_native, id=8340, stack(0x0000008642400000,0x0000008642500000)]
  0x00000252010e2040 JavaThread "RMI TCP Connection(1)-192.168.0.108" daemon [_thread_blocked, id=8748, stack(0x0000008642b00000,0x0000008642c00000)]
  0x0000025201186c70 JavaThread "RMI Scheduler(0)" daemon [_thread_blocked, id=1196, stack(0x0000008642c00000,0x0000008642d00000)]
  0x00000252011895d0 JavaThread "JMX server connection timeout 19" daemon [_thread_blocked, id=4544, stack(0x0000008642d00000,0x0000008642e00000)]

Other Threads:
  0x000002527e9afb10 VMThread "VM Thread" [stack: 0x0000008641600000,0x0000008641700000] [id=3800] _threads_hazard_ptr=0x0000025201136200
  0x000002527fbd7c70 WatcherThread [stack: 0x0000008642500000,0x0000008642600000] [id=3332]
  0x000002526b3b1a40 GCTaskThread "GC Thread#0" [stack: 0x0000008641100000,0x0000008641200000] [id=10544]
  0x000002527fc40040 GCTaskThread "GC Thread#1" [stack: 0x0000008642600000,0x0000008642700000] [id=1056]
  0x000002527fc402f0 GCTaskThread "GC Thread#2" [stack: 0x0000008642700000,0x0000008642800000] [id=12296]
  0x000002527fc7fc40 GCTaskThread "GC Thread#3" [stack: 0x0000008642800000,0x0000008642900000] [id=2828]
  0x000002526b3c2740 ConcurrentGCThread "G1 Main Marker" [stack: 0x0000008641200000,0x0000008641300000] [id=6700]
  0x000002526b3c3150 ConcurrentGCThread "G1 Conc#0" [stack: 0x0000008641300000,0x0000008641400000] [id=7836]
  0x000002526b408920 ConcurrentGCThread "G1 Refine#0" [stack: 0x0000008641400000,0x0000008641500000] [id=7204]
  0x000002527fc52910 ConcurrentGCThread "G1 Refine#1" [stack: 0x0000008642900000,0x0000008642a00000] [id=11064]
  0x000002527fb9abb0 ConcurrentGCThread "G1 Refine#2" [stack: 0x0000008642a00000,0x0000008642b00000] [id=732]
  0x000002526b409340 ConcurrentGCThread "G1 Service" [stack: 0x0000008641500000,0x0000008641600000] [id=1412]

Threads with active compile tasks:

VM state: not at safepoint (normal execution)

VM Mutex/Monitor currently owned by a thread:  ([mutex/lock_event])
[0x000002526b356450] Compile_lock - owner thread: 0x00000252010e2040

Heap address: 0x0000000081200000, size: 2030 MB, Compressed Oops mode: 32-bit

CDS archive(s) mapped at: [0x0000000800000000-0x0000000800bd0000-0x0000000800bd0000), size 12386304, SharedBaseAddress: 0x0000000800000000, ArchiveRelocationMode: 0.
Compressed class space mapped at: 0x0000000800c00000-0x0000000840c00000, reserved size: 1073741824
Narrow klass base: 0x0000000800000000, Narrow klass shift: 0, Narrow klass range: 0x100000000

GC Precious Log:
 CPUs: 4 total, 4 available
 Memory: 8119M
 Large Page Support: Disabled
 NUMA Support: Disabled
 Compressed Oops: Enabled (32-bit)
 Heap Region Size: 1M
 Heap Min Capacity: 8M
 Heap Initial Capacity: 128M
 Heap Max Capacity: 2030M
 Pre-touch: Disabled
 Parallel Workers: 4
 Concurrent Workers: 1
 Concurrent Refinement Workers: 4
 Periodic GC: Disabled

Heap:
 garbage-first heap   total 131072K, used 19814K [0x0000000081200000, 0x0000000100000000)
  region size 1024K, 13 young (13312K), 3 survivors (3072K)
 Metaspace       used 13422K, committed 13696K, reserved 1064960K
  class space    used 1855K, committed 1984K, reserved 1048576K

Heap Regions: E=young(eden), S=young(survivor), O=old, HS=humongous(starts), HC=humongous(continues), CS=collection set, F=free, OA=open archive, CA=closed archive, TAMS=top-at-mark-start (previous, next)
|   0|0x0000000081200000, 0x0000000081300000, 0x0000000081300000|100%| O|  |TAMS 0x0000000081200000, 0x0000000081200000| Untracked 
|   1|0x0000000081300000, 0x0000000081400000, 0x0000000081400000|100%| O|  |TAMS 0x0000000081300000, 0x0000000081300000| Untracked 
|   2|0x0000000081400000, 0x0000000081500000, 0x0000000081500000|100%| O|  |TAMS 0x0000000081400000, 0x0000000081400000| Untracked 
|   3|0x0000000081500000, 0x0000000081600000, 0x0000000081600000|100%| O|  |TAMS 0x0000000081500000, 0x0000000081500000| Untracked 
|   4|0x0000000081600000, 0x0000000081700000, 0x0000000081700000|100%| O|  |TAMS 0x0000000081600000, 0x0000000081600000| Untracked 
|   5|0x0000000081700000, 0x0000000081800000, 0x0000000081800000|100%| O|  |TAMS 0x0000000081700000, 0x0000000081700000| Untracked 
|   6|0x0000000081800000, 0x0000000081900000, 0x0000000081900000|100%| O|  |TAMS 0x0000000081800000, 0x0000000081800000| Untracked 
|   7|0x0000000081900000, 0x0000000081959a00, 0x0000000081a00000| 35%| O|  |TAMS 0x0000000081900000, 0x0000000081900000| Untracked 
|   8|0x0000000081a00000, 0x0000000081a00000, 0x0000000081b00000|  0%| F|  |TAMS 0x0000000081a00000, 0x0000000081a00000| Untracked 
|   9|0x0000000081b00000, 0x0000000081b00000, 0x0000000081c00000|  0%| F|  |TAMS 0x0000000081b00000, 0x0000000081b00000| Untracked 
|  10|0x0000000081c00000, 0x0000000081c00000, 0x0000000081d00000|  0%| F|  |TAMS 0x0000000081c00000, 0x0000000081c00000| Untracked 
|  11|0x0000000081d00000, 0x0000000081d00000, 0x0000000081e00000|  0%| F|  |TAMS 0x0000000081d00000, 0x0000000081d00000| Untracked 
|  12|0x0000000081e00000, 0x0000000081e00000, 0x0000000081f00000|  0%| F|  |TAMS 0x0000000081e00000, 0x0000000081e00000| Untracked 
|  13|0x0000000081f00000, 0x0000000081f00000, 0x0000000082000000|  0%| F|  |TAMS 0x0000000081f00000, 0x0000000081f00000| Untracked 
|  14|0x0000000082000000, 0x0000000082000000, 0x0000000082100000|  0%| F|  |TAMS 0x0000000082000000, 0x0000000082000000| Untracked 
|  15|0x0000000082100000, 0x0000000082100000, 0x0000000082200000|  0%| F|  |TAMS 0x0000000082100000, 0x0000000082100000| Untracked 
|  16|0x0000000082200000, 0x0000000082200000, 0x0000000082300000|  0%| F|  |TAMS 0x0000000082200000, 0x0000000082200000| Untracked 
|  17|0x0000000082300000, 0x0000000082300000, 0x0000000082400000|  0%| F|  |TAMS 0x0000000082300000, 0x0000000082300000| Untracked 
|  18|0x0000000082400000, 0x0000000082400000, 0x0000000082500000|  0%| F|  |TAMS 0x0000000082400000, 0x0000000082400000| Untracked 
|  19|0x0000000082500000, 0x0000000082500000, 0x0000000082600000|  0%| F|  |TAMS 0x0000000082500000, 0x0000000082500000| Untracked 
|  20|0x0000000082600000, 0x0000000082600000, 0x0000000082700000|  0%| F|  |TAMS 0x0000000082600000, 0x0000000082600000| Untracked 
|  21|0x0000000082700000, 0x0000000082700000, 0x0000000082800000|  0%| F|  |TAMS 0x0000000082700000, 0x0000000082700000| Untracked 
|  22|0x0000000082800000, 0x0000000082800000, 0x0000000082900000|  0%| F|  |TAMS 0x0000000082800000, 0x0000000082800000| Untracked 
|  23|0x0000000082900000, 0x0000000082900000, 0x0000000082a00000|  0%| F|  |TAMS 0x0000000082900000, 0x0000000082900000| Untracked 
|  24|0x0000000082a00000, 0x0000000082a00000, 0x0000000082b00000|  0%| F|  |TAMS 0x0000000082a00000, 0x0000000082a00000| Untracked 
|  25|0x0000000082b00000, 0x0000000082b00000, 0x0000000082c00000|  0%| F|  |TAMS 0x0000000082b00000, 0x0000000082b00000| Untracked 
|  26|0x0000000082c00000, 0x0000000082c00000, 0x0000000082d00000|  0%| F|  |TAMS 0x0000000082c00000, 0x0000000082c00000| Untracked 
|  27|0x0000000082d00000, 0x0000000082d00000, 0x0000000082e00000|  0%| F|  |TAMS 0x0000000082d00000, 0x0000000082d00000| Untracked 
|  28|0x0000000082e00000, 0x0000000082e00000, 0x0000000082f00000|  0%| F|  |TAMS 0x0000000082e00000, 0x0000000082e00000| Untracked 
|  29|0x0000000082f00000, 0x0000000082f00000, 0x0000000083000000|  0%| F|  |TAMS 0x0000000082f00000, 0x0000000082f00000| Untracked 
|  30|0x0000000083000000, 0x0000000083000000, 0x0000000083100000|  0%| F|  |TAMS 0x0000000083000000, 0x0000000083000000| Untracked 
|  31|0x0000000083100000, 0x0000000083100000, 0x0000000083200000|  0%| F|  |TAMS 0x0000000083100000, 0x0000000083100000| Untracked 
|  32|0x0000000083200000, 0x0000000083200000, 0x0000000083300000|  0%| F|  |TAMS 0x0000000083200000, 0x0000000083200000| Untracked 
|  33|0x0000000083300000, 0x0000000083300000, 0x0000000083400000|  0%| F|  |TAMS 0x0000000083300000, 0x0000000083300000| Untracked 
|  34|0x0000000083400000, 0x0000000083400000, 0x0000000083500000|  0%| F|  |TAMS 0x0000000083400000, 0x0000000083400000| Untracked 
|  35|0x0000000083500000, 0x0000000083500000, 0x0000000083600000|  0%| F|  |TAMS 0x0000000083500000, 0x0000000083500000| Untracked 
|  36|0x0000000083600000, 0x0000000083600000, 0x0000000083700000|  0%| F|  |TAMS 0x0000000083600000, 0x0000000083600000| Untracked 
|  37|0x0000000083700000, 0x0000000083700000, 0x0000000083800000|  0%| F|  |TAMS 0x0000000083700000, 0x0000000083700000| Untracked 
|  38|0x0000000083800000, 0x0000000083800000, 0x0000000083900000|  0%| F|  |TAMS 0x0000000083800000, 0x0000000083800000| Untracked 
|  39|0x0000000083900000, 0x0000000083900000, 0x0000000083a00000|  0%| F|  |TAMS 0x0000000083900000, 0x0000000083900000| Untracked 
|  40|0x0000000083a00000, 0x0000000083a00000, 0x0000000083b00000|  0%| F|  |TAMS 0x0000000083a00000, 0x0000000083a00000| Untracked 
|  41|0x0000000083b00000, 0x0000000083b00000, 0x0000000083c00000|  0%| F|  |TAMS 0x0000000083b00000, 0x0000000083b00000| Untracked 
|  42|0x0000000083c00000, 0x0000000083c00000, 0x0000000083d00000|  0%| F|  |TAMS 0x0000000083c00000, 0x0000000083c00000| Untracked 
|  43|0x0000000083d00000, 0x0000000083d00000, 0x0000000083e00000|  0%| F|  |TAMS 0x0000000083d00000, 0x0000000083d00000| Untracked 
|  44|0x0000000083e00000, 0x0000000083e00000, 0x0000000083f00000|  0%| F|  |TAMS 0x0000000083e00000, 0x0000000083e00000| Untracked 
|  45|0x0000000083f00000, 0x0000000083f00000, 0x0000000084000000|  0%| F|  |TAMS 0x0000000083f00000, 0x0000000083f00000| Untracked 
|  46|0x0000000084000000, 0x0000000084000000, 0x0000000084100000|  0%| F|  |TAMS 0x0000000084000000, 0x0000000084000000| Untracked 
|  47|0x0000000084100000, 0x0000000084100000, 0x0000000084200000|  0%| F|  |TAMS 0x0000000084100000, 0x0000000084100000| Untracked 
|  48|0x0000000084200000, 0x0000000084200000, 0x0000000084300000|  0%| F|  |TAMS 0x0000000084200000, 0x0000000084200000| Untracked 
|  49|0x0000000084300000, 0x0000000084300000, 0x0000000084400000|  0%| F|  |TAMS 0x0000000084300000, 0x0000000084300000| Untracked 
|  50|0x0000000084400000, 0x0000000084400000, 0x0000000084500000|  0%| F|  |TAMS 0x0000000084400000, 0x0000000084400000| Untracked 
|  51|0x0000000084500000, 0x0000000084500000, 0x0000000084600000|  0%| F|  |TAMS 0x0000000084500000, 0x0000000084500000| Untracked 
|  52|0x0000000084600000, 0x0000000084600000, 0x0000000084700000|  0%| F|  |TAMS 0x0000000084600000, 0x0000000084600000| Untracked 
|  53|0x0000000084700000, 0x0000000084700000, 0x0000000084800000|  0%| F|  |TAMS 0x0000000084700000, 0x0000000084700000| Untracked 
|  54|0x0000000084800000, 0x0000000084800000, 0x0000000084900000|  0%| F|  |TAMS 0x0000000084800000, 0x0000000084800000| Untracked 
|  55|0x0000000084900000, 0x0000000084900000, 0x0000000084a00000|  0%| F|  |TAMS 0x0000000084900000, 0x0000000084900000| Untracked 
|  56|0x0000000084a00000, 0x0000000084a00000, 0x0000000084b00000|  0%| F|  |TAMS 0x0000000084a00000, 0x0000000084a00000| Untracked 
|  57|0x0000000084b00000, 0x0000000084b00000, 0x0000000084c00000|  0%| F|  |TAMS 0x0000000084b00000, 0x0000000084b00000| Untracked 
|  58|0x0000000084c00000, 0x0000000084c00000, 0x0000000084d00000|  0%| F|  |TAMS 0x0000000084c00000, 0x0000000084c00000| Untracked 
|  59|0x0000000084d00000, 0x0000000084d00000, 0x0000000084e00000|  0%| F|  |TAMS 0x0000000084d00000, 0x0000000084d00000| Untracked 
|  60|0x0000000084e00000, 0x0000000084e00000, 0x0000000084f00000|  0%| F|  |TAMS 0x0000000084e00000, 0x0000000084e00000| Untracked 
|  61|0x0000000084f00000, 0x0000000084f00000, 0x0000000085000000|  0%| F|  |TAMS 0x0000000084f00000, 0x0000000084f00000| Untracked 
|  62|0x0000000085000000, 0x0000000085000000, 0x0000000085100000|  0%| F|  |TAMS 0x0000000085000000, 0x0000000085000000| Untracked 
|  63|0x0000000085100000, 0x0000000085100000, 0x0000000085200000|  0%| F|  |TAMS 0x0000000085100000, 0x0000000085100000| Untracked 
|  64|0x0000000085200000, 0x0000000085200000, 0x0000000085300000|  0%| F|  |TAMS 0x0000000085200000, 0x0000000085200000| Untracked 
|  65|0x0000000085300000, 0x0000000085300000, 0x0000000085400000|  0%| F|  |TAMS 0x0000000085300000, 0x0000000085300000| Untracked 
|  66|0x0000000085400000, 0x0000000085400000, 0x0000000085500000|  0%| F|  |TAMS 0x0000000085400000, 0x0000000085400000| Untracked 
|  67|0x0000000085500000, 0x0000000085500000, 0x0000000085600000|  0%| F|  |TAMS 0x0000000085500000, 0x0000000085500000| Untracked 
|  68|0x0000000085600000, 0x0000000085600000, 0x0000000085700000|  0%| F|  |TAMS 0x0000000085600000, 0x0000000085600000| Untracked 
|  69|0x0000000085700000, 0x0000000085700000, 0x0000000085800000|  0%| F|  |TAMS 0x0000000085700000, 0x0000000085700000| Untracked 
|  70|0x0000000085800000, 0x0000000085800000, 0x0000000085900000|  0%| F|  |TAMS 0x0000000085800000, 0x0000000085800000| Untracked 
|  71|0x0000000085900000, 0x0000000085900000, 0x0000000085a00000|  0%| F|  |TAMS 0x0000000085900000, 0x0000000085900000| Untracked 
|  72|0x0000000085a00000, 0x0000000085a00000, 0x0000000085b00000|  0%| F|  |TAMS 0x0000000085a00000, 0x0000000085a00000| Untracked 
|  73|0x0000000085b00000, 0x0000000085b00000, 0x0000000085c00000|  0%| F|  |TAMS 0x0000000085b00000, 0x0000000085b00000| Untracked 
|  74|0x0000000085c00000, 0x0000000085c00000, 0x0000000085d00000|  0%| F|  |TAMS 0x0000000085c00000, 0x0000000085c00000| Untracked 
|  75|0x0000000085d00000, 0x0000000085d00000, 0x0000000085e00000|  0%| F|  |TAMS 0x0000000085d00000, 0x0000000085d00000| Untracked 
|  76|0x0000000085e00000, 0x0000000085e00000, 0x0000000085f00000|  0%| F|  |TAMS 0x0000000085e00000, 0x0000000085e00000| Untracked 
|  77|0x0000000085f00000, 0x0000000085f00000, 0x0000000086000000|  0%| F|  |TAMS 0x0000000085f00000, 0x0000000085f00000| Untracked 
|  78|0x0000000086000000, 0x0000000086000000, 0x0000000086100000|  0%| F|  |TAMS 0x0000000086000000, 0x0000000086000000| Untracked 
|  79|0x0000000086100000, 0x0000000086100000, 0x0000000086200000|  0%| F|  |TAMS 0x0000000086100000, 0x0000000086100000| Untracked 
|  80|0x0000000086200000, 0x0000000086200000, 0x0000000086300000|  0%| F|  |TAMS 0x0000000086200000, 0x0000000086200000| Untracked 
|  81|0x0000000086300000, 0x0000000086300000, 0x0000000086400000|  0%| F|  |TAMS 0x0000000086300000, 0x0000000086300000| Untracked 
|  82|0x0000000086400000, 0x0000000086400000, 0x0000000086500000|  0%| F|  |TAMS 0x0000000086400000, 0x0000000086400000| Untracked 
|  83|0x0000000086500000, 0x0000000086500000, 0x0000000086600000|  0%| F|  |TAMS 0x0000000086500000, 0x0000000086500000| Untracked 
|  84|0x0000000086600000, 0x0000000086600000, 0x0000000086700000|  0%| F|  |TAMS 0x0000000086600000, 0x0000000086600000| Untracked 
|  85|0x0000000086700000, 0x0000000086700000, 0x0000000086800000|  0%| F|  |TAMS 0x0000000086700000, 0x0000000086700000| Untracked 
|  86|0x0000000086800000, 0x0000000086800000, 0x0000000086900000|  0%| F|  |TAMS 0x0000000086800000, 0x0000000086800000| Untracked 
|  87|0x0000000086900000, 0x0000000086900000, 0x0000000086a00000|  0%| F|  |TAMS 0x0000000086900000, 0x0000000086900000| Untracked 
|  88|0x0000000086a00000, 0x0000000086a00000, 0x0000000086b00000|  0%| F|  |TAMS 0x0000000086a00000, 0x0000000086a00000| Untracked 
|  89|0x0000000086b00000, 0x0000000086b00000, 0x0000000086c00000|  0%| F|  |TAMS 0x0000000086b00000, 0x0000000086b00000| Untracked 
|  90|0x0000000086c00000, 0x0000000086c00000, 0x0000000086d00000|  0%| F|  |TAMS 0x0000000086c00000, 0x0000000086c00000| Untracked 
|  91|0x0000000086d00000, 0x0000000086d00000, 0x0000000086e00000|  0%| F|  |TAMS 0x0000000086d00000, 0x0000000086d00000| Untracked 
|  92|0x0000000086e00000, 0x0000000086e00000, 0x0000000086f00000|  0%| F|  |TAMS 0x0000000086e00000, 0x0000000086e00000| Untracked 
|  93|0x0000000086f00000, 0x0000000086f00000, 0x0000000087000000|  0%| F|  |TAMS 0x0000000086f00000, 0x0000000086f00000| Untracked 
|  94|0x0000000087000000, 0x0000000087000000, 0x0000000087100000|  0%| F|  |TAMS 0x0000000087000000, 0x0000000087000000| Untracked 
|  95|0x0000000087100000, 0x0000000087100000, 0x0000000087200000|  0%| F|  |TAMS 0x0000000087100000, 0x0000000087100000| Untracked 
|  96|0x0000000087200000, 0x0000000087200000, 0x0000000087300000|  0%| F|  |TAMS 0x0000000087200000, 0x0000000087200000| Untracked 
|  97|0x0000000087300000, 0x0000000087300000, 0x0000000087400000|  0%| F|  |TAMS 0x0000000087300000, 0x0000000087300000| Untracked 
|  98|0x0000000087400000, 0x0000000087400000, 0x0000000087500000|  0%| F|  |TAMS 0x0000000087400000, 0x0000000087400000| Untracked 
|  99|0x0000000087500000, 0x0000000087500000, 0x0000000087600000|  0%| F|  |TAMS 0x0000000087500000, 0x0000000087500000| Untracked 
| 100|0x0000000087600000, 0x0000000087600000, 0x0000000087700000|  0%| F|  |TAMS 0x0000000087600000, 0x0000000087600000| Untracked 
| 101|0x0000000087700000, 0x0000000087700000, 0x0000000087800000|  0%| F|  |TAMS 0x0000000087700000, 0x0000000087700000| Untracked 
| 102|0x0000000087800000, 0x0000000087800000, 0x0000000087900000|  0%| F|  |TAMS 0x0000000087800000, 0x0000000087800000| Untracked 
| 103|0x0000000087900000, 0x0000000087900000, 0x0000000087a00000|  0%| F|  |TAMS 0x0000000087900000, 0x0000000087900000| Untracked 
| 104|0x0000000087a00000, 0x0000000087a00000, 0x0000000087b00000|  0%| F|  |TAMS 0x0000000087a00000, 0x0000000087a00000| Untracked 
| 105|0x0000000087b00000, 0x0000000087c00000, 0x0000000087c00000|100%| S|CS|TAMS 0x0000000087b00000, 0x0000000087b00000| Complete 
| 106|0x0000000087c00000, 0x0000000087d00000, 0x0000000087d00000|100%| S|CS|TAMS 0x0000000087c00000, 0x0000000087c00000| Complete 
| 107|0x0000000087d00000, 0x0000000087e00000, 0x0000000087e00000|100%| S|CS|TAMS 0x0000000087d00000, 0x0000000087d00000| Complete 
| 108|0x0000000087e00000, 0x0000000087e00000, 0x0000000087f00000|  0%| F|  |TAMS 0x0000000087e00000, 0x0000000087e00000| Untracked 
| 109|0x0000000087f00000, 0x0000000087f00000, 0x0000000088000000|  0%| F|  |TAMS 0x0000000087f00000, 0x0000000087f00000| Untracked 
| 110|0x0000000088000000, 0x0000000088000000, 0x0000000088100000|  0%| F|  |TAMS 0x0000000088000000, 0x0000000088000000| Untracked 
| 111|0x0000000088100000, 0x0000000088100000, 0x0000000088200000|  0%| F|  |TAMS 0x0000000088100000, 0x0000000088100000| Untracked 
| 112|0x0000000088200000, 0x0000000088200000, 0x0000000088300000|  0%| F|  |TAMS 0x0000000088200000, 0x0000000088200000| Untracked 
| 113|0x0000000088300000, 0x0000000088300000, 0x0000000088400000|  0%| F|  |TAMS 0x0000000088300000, 0x0000000088300000| Untracked 
| 114|0x0000000088400000, 0x0000000088400000, 0x0000000088500000|  0%| F|  |TAMS 0x0000000088400000, 0x0000000088400000| Untracked 
| 115|0x0000000088500000, 0x0000000088500000, 0x0000000088600000|  0%| F|  |TAMS 0x0000000088500000, 0x0000000088500000| Untracked 
| 116|0x0000000088600000, 0x0000000088600000, 0x0000000088700000|  0%| F|  |TAMS 0x0000000088600000, 0x0000000088600000| Untracked 
| 117|0x0000000088700000, 0x0000000088700000, 0x0000000088800000|  0%| F|  |TAMS 0x0000000088700000, 0x0000000088700000| Untracked 
| 118|0x0000000088800000, 0x00000000888ed5d0, 0x0000000088900000| 92%| E|  |TAMS 0x0000000088800000, 0x0000000088800000| Complete 
| 119|0x0000000088900000, 0x0000000088a00000, 0x0000000088a00000|100%| E|CS|TAMS 0x0000000088900000, 0x0000000088900000| Complete 
| 120|0x0000000088a00000, 0x0000000088b00000, 0x0000000088b00000|100%| E|CS|TAMS 0x0000000088a00000, 0x0000000088a00000| Complete 
| 121|0x0000000088b00000, 0x0000000088c00000, 0x0000000088c00000|100%| E|CS|TAMS 0x0000000088b00000, 0x0000000088b00000| Complete 
| 122|0x0000000088c00000, 0x0000000088d00000, 0x0000000088d00000|100%| E|CS|TAMS 0x0000000088c00000, 0x0000000088c00000| Complete 
| 123|0x0000000088d00000, 0x0000000088e00000, 0x0000000088e00000|100%| E|CS|TAMS 0x0000000088d00000, 0x0000000088d00000| Complete 
| 124|0x0000000088e00000, 0x0000000088f00000, 0x0000000088f00000|100%| E|CS|TAMS 0x0000000088e00000, 0x0000000088e00000| Complete 
| 125|0x0000000088f00000, 0x0000000089000000, 0x0000000089000000|100%| E|CS|TAMS 0x0000000088f00000, 0x0000000088f00000| Complete 
| 126|0x0000000089000000, 0x0000000089100000, 0x0000000089100000|100%| E|CS|TAMS 0x0000000089000000, 0x0000000089000000| Complete 
| 127|0x0000000089100000, 0x0000000089200000, 0x0000000089200000|100%| E|CS|TAMS 0x0000000089100000, 0x0000000089100000| Complete 

Card table byte_map: [0x0000025277c30000,0x0000025278030000] _byte_map_base: 0x0000025277827000

Marking Bits (Prev, Next): (CMBitMap*) 0x000002526b3b2050, (CMBitMap*) 0x000002526b3b2090
 Prev Bits: [0x0000025278430000, 0x000002527a3e8000)
 Next Bits: [0x000002527a3f0000, 0x000002527c3a8000)

Polling page: 0x0000025274370000

Metaspace:

Usage:
  Non-class:     11.30 MB used.
      Class:      1.81 MB used.
       Both:     13.11 MB used.

Virtual space:
  Non-class space:       16.00 MB reserved,      11.44 MB ( 71%) committed,  2 nodes.
      Class space:        1.00 GB reserved,       1.94 MB ( <1%) committed,  1 nodes.
             Both:        1.02 GB reserved,      13.38 MB (  1%) committed. 

Chunk freelists:
   Non-Class:  267.00 KB
       Class:  2.02 MB
        Both:  2.28 MB

MaxMetaspaceSize: unlimited
CompressedClassSpaceSize: 1.00 GB
Initial GC threshold: 21.00 MB
Current GC threshold: 21.00 MB
CDS: on
MetaspaceReclaimPolicy: balanced
 - commit_granule_bytes: 65536.
 - commit_granule_words: 8192.
 - virtual_space_node_default_size: 1048576.
 - enlarge_chunks_in_place: 1.
 - new_chunks_are_fully_committed: 0.
 - uncommit_free_chunks: 1.
 - use_allocation_guard: 0.
 - handle_deallocations: 1.


Internal statistics:

num_allocs_failed_limit: 0.
num_arena_births: 230.
num_arena_deaths: 0.
num_vsnodes_births: 3.
num_vsnodes_deaths: 0.
num_space_committed: 214.
num_space_uncommitted: 0.
num_chunks_returned_to_freelist: 0.
num_chunks_taken_from_freelist: 559.
num_chunk_merges: 0.
num_chunk_splits: 350.
num_chunks_enlarged: 249.
num_purges: 0.
num_inconsistent_stats: 0.

CodeCache: size=49152Kb used=5299Kb max_used=5299Kb free=43852Kb
 bounds [0x0000025274390000, 0x00000252748c0000, 0x0000025277390000]
 total_blobs=2522 nmethods=2024 adapters=423
 compilation: enabled
              stopped_count=0, restarted_count=0
 full_count=0

Compilation events (20 events):
Event: 1.776 Thread 0x000002527f54fbf0 1993       1       org.springframework.boot.context.properties.source.SpringIterableConfigurationPropertySource$$Lambda$256/0x0000000800daa3d8::<init> (10 bytes)
Event: 1.776 Thread 0x000002527e9d7a00 nmethod 1990 0x00000252748ae690 code [0x00000252748ae8e0, 0x00000252748aedd8]
Event: 1.776 Thread 0x000002527f54fbf0 nmethod 1993 0x00000252748af010 code [0x00000252748af1a0, 0x00000252748af2b8]
Event: 1.776 Thread 0x000002527e9d7a00 1994       1       org.springframework.boot.context.properties.source.SoftReferenceConfigurationPropertyCache::get (67 bytes)
Event: 1.776 Thread 0x000002527f54fbf0 1995       1       org.springframework.boot.context.properties.source.SoftReferenceConfigurationPropertyCache::getValue (8 bytes)
Event: 1.776 Thread 0x000002527f54d6c0 nmethod 1991 0x00000252748af310 code [0x00000252748af4e0, 0x00000252748af768]
Event: 1.776 Thread 0x000002527f54fbf0 nmethod 1995 0x00000252748af990 code [0x00000252748afb20, 0x00000252748afc38]
Event: 1.778 Thread 0x000002527e9d7a00 nmethod 1994 0x00000252748afd10 code [0x00000252748aff80, 0x00000252748b08c8]
Event: 1.778 Thread 0x000002527f54fbf0 1996       1       java.util.concurrent.ConcurrentHashMap$BaseIterator::<init> (21 bytes)
Event: 1.778 Thread 0x000002527f54fbf0 nmethod 1996 0x00000252748b0e90 code [0x00000252748b1040, 0x00000252748b1198]
Event: 1.778 Thread 0x000002527f54fbf0 1997       1       org.springframework.boot.context.properties.source.SoftReferenceConfigurationPropertyCache::hasExpired (60 bytes)
Event: 1.779 Thread 0x000002527f54fbf0 nmethod 1997 0x00000252748b1290 code [0x00000252748b1460, 0x00000252748b1748]
Event: 1.780 Thread 0x000002527f54d6c0 1998   !   1       jdk.internal.loader.URLClassPath$JarLoader::getResource (354 bytes)
Event: 1.783 Thread 0x000002527f54d6c0 nmethod 1998 0x00000252748b1910 code [0x00000252748b1cc0, 0x00000252748b2bd8]
Event: 1.783 Thread 0x000002527e9d7a00 1999       1       java.lang.System::checkKey (34 bytes)
Event: 1.783 Thread 0x000002527f54d6c0 2000       1       org.springframework.boot.context.properties.source.SpringConfigurationPropertySources$SourcesIterator::hasNext (13 bytes)
Event: 1.783 Thread 0x000002527e9d7a00 nmethod 1999 0x00000252748b3d10 code [0x00000252748b3ec0, 0x00000252748b40d8]
Event: 1.783 Thread 0x000002527e9d7a00 2001       1       java.util.AbstractCollection::isEmpty (13 bytes)
Event: 1.783 Thread 0x000002527f54d6c0 nmethod 2000 0x00000252748b4210 code [0x00000252748b43a0, 0x00000252748b4488]
Event: 1.783 Thread 0x000002527e9d7a00 nmethod 2001 0x00000252748b4510 code [0x00000252748b46a0, 0x00000252748b47a8]

GC Heap History (6 events):
Event: 0.794 GC heap before
{Heap before GC invocations=0 (full 0):
 garbage-first heap   total 131072K, used 12288K [0x0000000081200000, 0x0000000100000000)
  region size 1024K, 13 young (13312K), 0 survivors (0K)
 Metaspace       used 4602K, committed 4800K, reserved 1056768K
  class space    used 556K, committed 640K, reserved 1048576K
}
Event: 0.801 GC heap after
{Heap after GC invocations=1 (full 0):
 garbage-first heap   total 131072K, used 7264K [0x0000000081200000, 0x0000000100000000)
  region size 1024K, 2 young (2048K), 2 survivors (2048K)
 Metaspace       used 4602K, committed 4800K, reserved 1056768K
  class space    used 556K, committed 640K, reserved 1048576K
}
Event: 1.061 GC heap before
{Heap before GC invocations=1 (full 0):
 garbage-first heap   total 131072K, used 16480K [0x0000000081200000, 0x0000000100000000)
  region size 1024K, 11 young (11264K), 2 survivors (2048K)
 Metaspace       used 7666K, committed 7936K, reserved 1056768K
  class space    used 1014K, committed 1152K, reserved 1048576K
}
Event: 1.065 GC heap after
{Heap after GC invocations=2 (full 0):
 garbage-first heap   total 131072K, used 8389K [0x0000000081200000, 0x0000000100000000)
  region size 1024K, 1 young (1024K), 1 survivors (1024K)
 Metaspace       used 7666K, committed 7936K, reserved 1056768K
  class space    used 1014K, committed 1152K, reserved 1048576K
}
Event: 1.539 GC heap before
{Heap before GC invocations=2 (full 0):
 garbage-first heap   total 131072K, used 27845K [0x0000000081200000, 0x0000000100000000)
  region size 1024K, 20 young (20480K), 1 survivors (1024K)
 Metaspace       used 11472K, committed 11712K, reserved 1064960K
  class space    used 1562K, committed 1664K, reserved 1048576K
}
Event: 1.546 GC heap after
{Heap after GC invocations=3 (full 0):
 garbage-first heap   total 131072K, used 10598K [0x0000000081200000, 0x0000000100000000)
  region size 1024K, 3 young (3072K), 3 survivors (3072K)
 Metaspace       used 11472K, committed 11712K, reserved 1064960K
  class space    used 1562K, committed 1664K, reserved 1048576K
}

Deoptimization events (0 events):
No events

Classes unloaded (0 events):
No events

Classes redefined (0 events):
No events

Internal exceptions (20 events):
Event: 1.496 Thread 0x000002526b358f50 Exception <a 'java/lang/NoSuchMethodError'{0x0000000087f1a888}: 'java.lang.Object java.lang.invoke.DirectMethodHandle$Holder.newInvokeSpecial(java.lang.Object, java.lang.Object, java.lang.Object, java.lang.Object, java.lang.Object, java.lang.Object)'> (0x0000000087f1a888) 
thrown [s\open\src\hotspot\share\interpreter\linkResolver.cpp, line 759]
Event: 1.502 Thread 0x000002526b358f50 Exception <a 'java/lang/NoSuchMethodError'{0x0000000087f674f8}: 'java.lang.Object java.lang.invoke.Invokers$Holder.invokeExact_MT(java.lang.Object, java.lang.Object, java.lang.Object, java.lang.Object, java.lang.Object, java.lang.Object)'> (0x0000000087f674f8) 
thrown [s\open\src\hotspot\share\interpreter\linkResolver.cpp, line 759]
Event: 1.512 Thread 0x000002526b358f50 Exception <a 'java/lang/NoSuchMethodError'{0x0000000087fd3b60}: 'java.lang.Object java.lang.invoke.DirectMethodHandle$Holder.invokeSpecial(java.lang.Object, java.lang.Object, java.lang.Object, java.lang.Object, java.lang.Object, java.lang.Object, int)'> (0x0000000087fd3b60) 
thrown [s\open\src\hotspot\share\interpreter\linkResolver.cpp, line 759]
Event: 1.513 Thread 0x000002526b358f50 Exception <a 'java/lang/NoSuchMethodError'{0x0000000087fde0c8}: 'java.lang.Object java.lang.invoke.DirectMethodHandle$Holder.newInvokeSpecial(java.lang.Object, java.lang.Object, java.lang.Object, java.lang.Object, java.lang.Object, java.lang.Object, int)'> (0x0000000087fde0c8) 
thrown [s\open\src\hotspot\share\interpreter\linkResolver.cpp, line 759]
Event: 1.513 Thread 0x000002526b358f50 Exception <a 'java/lang/NoSuchMethodError'{0x0000000087fe3108}: 'java.lang.Object java.lang.invoke.DirectMethodHandle$Holder.invokeSpecial(java.lang.Object, java.lang.Object, java.lang.Object, java.lang.Object, java.lang.Object, java.lang.Object, java.lang.Object, int)'> (0x0000000087fe3108) 
thrown [s\open\src\hotspot\share\interpreter\linkResolver.cpp, line 759]
Event: 1.570 Thread 0x000002526b358f50 Exception <a 'java/lang/NoSuchMethodError'{0x0000000089018898}: 'void java.lang.invoke.DirectMethodHandle$Holder.invokeSpecial(java.lang.Object, java.lang.Object, java.lang.Object, java.lang.Object, java.lang.Object)'> (0x0000000089018898) 
thrown [s\open\src\hotspot\share\interpreter\linkResolver.cpp, line 759]
Event: 1.648 Thread 0x000002526b358f50 Exception <a 'java/lang/NoSuchMethodError'{0x0000000088ebc270}: 'void java.lang.invoke.DirectMethodHandle$Holder.invokeSpecial(java.lang.Object, java.lang.Object, java.lang.Object, java.lang.Object, java.lang.Object, java.lang.Object)'> (0x0000000088ebc270) 
thrown [s\open\src\hotspot\share\interpreter\linkResolver.cpp, line 759]
Event: 1.674 Thread 0x000002526b358f50 Exception <a 'java/lang/NoSuchMethodError'{0x0000000088dadf00}: 'java.lang.Object java.lang.invoke.DirectMethodHandle$Holder.invokeSpecial(java.lang.Object, java.lang.Object, java.lang.Object, int, java.lang.Object)'> (0x0000000088dadf00) 
thrown [s\open\src\hotspot\share\interpreter\linkResolver.cpp, line 759]
Event: 1.674 Thread 0x000002526b358f50 Exception <a 'java/lang/NoSuchMethodError'{0x0000000088db6560}: 'java.lang.Object java.lang.invoke.DirectMethodHandle$Holder.newInvokeSpecial(java.lang.Object, java.lang.Object, java.lang.Object, int, java.lang.Object)'> (0x0000000088db6560) 
thrown [s\open\src\hotspot\share\interpreter\linkResolver.cpp, line 759]
Event: 1.675 Thread 0x000002526b358f50 Exception <a 'java/lang/NoSuchMethodError'{0x0000000088dbdf30}: 'java.lang.Object java.lang.invoke.Invokers$Holder.linkToTargetMethod(java.lang.Object, java.lang.Object, int, java.lang.Object, java.lang.Object)'> (0x0000000088dbdf30) 
thrown [s\open\src\hotspot\share\interpreter\linkResolver.cpp, line 759]
Event: 1.677 Thread 0x000002526b358f50 Exception <a 'java/lang/NoSuchMethodError'{0x0000000088dce4f8}: 'java.lang.Object java.lang.invoke.DirectMethodHandle$Holder.newInvokeSpecial(java.lang.Object, int, java.lang.Object)'> (0x0000000088dce4f8) 
thrown [s\open\src\hotspot\share\interpreter\linkResolver.cpp, line 759]
Event: 1.677 Thread 0x000002526b358f50 Exception <a 'java/lang/NoSuchMethodError'{0x0000000088dd2fc0}: 'int java.lang.invoke.DirectMethodHandle$Holder.invokeSpecialIFC(java.lang.Object, java.lang.Object, java.lang.Object, java.lang.Object)'> (0x0000000088dd2fc0) 
thrown [s\open\src\hotspot\share\interpreter\linkResolver.cpp, line 759]
Event: 1.721 Thread 0x000002526b358f50 Exception <a 'java/lang/NoSuchMethodError'{0x0000000088b85b10}: 'void java.lang.invoke.DirectMethodHandle$Holder.invokeInterface(java.lang.Object, java.lang.Object, java.lang.Object)'> (0x0000000088b85b10) 
thrown [s\open\src\hotspot\share\interpreter\linkResolver.cpp, line 759]
Event: 1.757 Thread 0x000002526b358f50 Exception <a 'java/lang/NoSuchMethodError'{0x0000000088a99400}: 'void java.lang.invoke.DirectMethodHandle$Holder.invokeStatic(java.lang.Object, java.lang.Object, int)'> (0x0000000088a99400) 
thrown [s\open\src\hotspot\share\interpreter\linkResolver.cpp, line 759]
Event: 1.759 Thread 0x000002526b358f50 Exception <a 'java/lang/NoSuchMethodError'{0x0000000088aa1180}: 'void java.lang.invoke.DirectMethodHandle$Holder.invokeStaticInit(java.lang.Object, java.lang.Object)'> (0x0000000088aa1180) 
thrown [s\open\src\hotspot\share\interpreter\linkResolver.cpp, line 759]
Event: 1.762 Thread 0x000002526b358f50 Exception <a 'java/lang/NoSuchMethodError'{0x0000000088ab9c80}: 'void java.lang.invoke.DirectMethodHandle$Holder.invokeStaticInit(java.lang.Object, java.lang.Object, java.lang.Object)'> (0x0000000088ab9c80) 
thrown [s\open\src\hotspot\share\interpreter\linkResolver.cpp, line 759]
Event: 1.768 Thread 0x000002526b358f50 Exception <a 'java/lang/NoSuchMethodError'{0x0000000088af94d0}: 'java.lang.Object java.lang.invoke.DirectMethodHandle$Holder.invokeStatic(java.lang.Object, java.lang.Object, long, java.lang.Object)'> (0x0000000088af94d0) 
thrown [s\open\src\hotspot\share\interpreter\linkResolver.cpp, line 759]
Event: 1.768 Thread 0x000002526b358f50 Exception <a 'java/lang/NoSuchMethodError'{0x0000000088afcf68}: 'java.lang.Object java.lang.invoke.DirectMethodHandle$Holder.invokeStaticInit(java.lang.Object, java.lang.Object, long, java.lang.Object)'> (0x0000000088afcf68) 
thrown [s\open\src\hotspot\share\interpreter\linkResolver.cpp, line 759]
Event: 1.769 Thread 0x000002526b358f50 Exception <a 'java/lang/NoSuchMethodError'{0x00000000889037c0}: 'java.lang.Object java.lang.invoke.DirectMethodHandle$Holder.newInvokeSpecial(java.lang.Object, java.lang.Object, long)'> (0x00000000889037c0) 
thrown [s\open\src\hotspot\share\interpreter\linkResolver.cpp, line 759]
Event: 1.770 Thread 0x000002526b358f50 Exception <a 'java/lang/NoSuchMethodError'{0x0000000088907330}: 'java.lang.Object java.lang.invoke.Invokers$Holder.linkToTargetMethod(java.lang.Object, long, java.lang.Object)'> (0x0000000088907330) 
thrown [s\open\src\hotspot\share\interpreter\linkResolver.cpp, line 759]

VM Operations (20 events):
Event: 0.644 Executing VM operation: HandshakeAllThreads
Event: 0.644 Executing VM operation: HandshakeAllThreads done
Event: 0.768 Executing VM operation: HandshakeAllThreads
Event: 0.769 Executing VM operation: HandshakeAllThreads done
Event: 0.794 Executing VM operation: G1CollectForAllocation
Event: 0.801 Executing VM operation: G1CollectForAllocation done
Event: 0.809 Executing VM operation: HandshakeAllThreads
Event: 0.809 Executing VM operation: HandshakeAllThreads done
Event: 0.828 Executing VM operation: HandshakeAllThreads
Event: 0.828 Executing VM operation: HandshakeAllThreads done
Event: 1.053 Executing VM operation: HandshakeAllThreads
Event: 1.053 Executing VM operation: HandshakeAllThreads done
Event: 1.060 Executing VM operation: HandshakeAllThreads
Event: 1.060 Executing VM operation: HandshakeAllThreads done
Event: 1.061 Executing VM operation: G1CollectForAllocation
Event: 1.065 Executing VM operation: G1CollectForAllocation done
Event: 1.333 Executing VM operation: HandshakeAllThreads
Event: 1.333 Executing VM operation: HandshakeAllThreads done
Event: 1.539 Executing VM operation: G1CollectForAllocation
Event: 1.546 Executing VM operation: G1CollectForAllocation done

Events (20 events):
Event: 1.754 loading class java/util/function/IntUnaryOperator
Event: 1.754 loading class java/util/function/IntUnaryOperator done
Event: 1.756 loading class java/util/stream/IntPipeline$4
Event: 1.756 loading class java/util/stream/IntPipeline$4 done
Event: 1.758 loading class java/util/stream/ForEachOps$ForEachOp$OfInt
Event: 1.758 loading class java/util/stream/ForEachOps$ForEachOp$OfInt done
Event: 1.759 loading class java/util/stream/IntPipeline$4$1
Event: 1.759 loading class java/util/stream/IntPipeline$4$1 done
Event: 1.759 loading class java/util/RegularEnumSet$EnumSetIterator
Event: 1.759 loading class java/util/RegularEnumSet$EnumSetIterator done
Event: 1.767 loading class java/nio/file/attribute/PosixFilePermission
Event: 1.767 loading class java/nio/file/attribute/PosixFilePermission done
Event: 1.767 loading class java/lang/ProcessHandle
Event: 1.767 loading class java/lang/ProcessHandle done
Event: 1.767 loading class java/lang/ProcessHandleImpl
Event: 1.767 loading class java/lang/ProcessHandleImpl done
Event: 1.770 loading class java/util/concurrent/Executors
Event: 1.770 loading class java/util/concurrent/Executors done
Event: 1.781 loading class java/io/FileOutputStream$1
Event: 1.781 loading class java/io/FileOutputStream$1 done


Dynamic libraries:
0x00007ff74e4a0000 - 0x00007ff74e4b0000 	C:\Program Files\Java\jdk-17.0.6\bin\java.exe
0x00007ff87ce70000 - 0x00007ff87d064000 	C:\Windows\SYSTEM32\ntdll.dll
0x00007ff87af40000 - 0x00007ff87affd000 	C:\Windows\System32\KERNEL32.DLL
0x00007ff87a8d0000 - 0x00007ff87ab97000 	C:\Windows\System32\KERNELBASE.dll
0x00007ff87a5c0000 - 0x00007ff87a6c0000 	C:\Windows\System32\ucrtbase.dll
0x00007ff873130000 - 0x00007ff873148000 	C:\Program Files\Java\jdk-17.0.6\bin\jli.dll
0x00007ff8653b0000 - 0x00007ff8653cb000 	C:\Program Files\Java\jdk-17.0.6\bin\VCRUNTIME140.dll
0x00007ff87bc10000 - 0x00007ff87bcba000 	C:\Windows\System32\ADVAPI32.dll
0x00007ff87b180000 - 0x00007ff87b21e000 	C:\Windows\System32\msvcrt.dll
0x00007ff87bcc0000 - 0x00007ff87bd5b000 	C:\Windows\System32\sechost.dll
0x00007ff87b9d0000 - 0x00007ff87baf3000 	C:\Windows\System32\RPCRT4.dll
0x00007ff87cc90000 - 0x00007ff87ce30000 	C:\Windows\System32\USER32.dll
0x00007ff87a7d0000 - 0x00007ff87a7f2000 	C:\Windows\System32\win32u.dll
0x00007ff87bb10000 - 0x00007ff87bb3a000 	C:\Windows\System32\GDI32.dll
0x00007ff867b70000 - 0x00007ff867e0a000 	C:\Windows\WinSxS\amd64_microsoft.windows.common-controls_6595b64144ccf1df_6.0.19041.1_none_b555e41d4684ddec\COMCTL32.dll
0x00007ff87ac20000 - 0x00007ff87ad29000 	C:\Windows\System32\gdi32full.dll
0x00007ff87a800000 - 0x00007ff87a89d000 	C:\Windows\System32\msvcp_win.dll
0x00007ff871640000 - 0x00007ff87164a000 	C:\Windows\SYSTEM32\VERSION.dll
0x00007ff87b150000 - 0x00007ff87b180000 	C:\Windows\System32\IMM32.DLL
0x00007ff874670000 - 0x00007ff87467c000 	C:\Program Files\Java\jdk-17.0.6\bin\vcruntime140_1.dll
0x00007ff864130000 - 0x00007ff8641be000 	C:\Program Files\Java\jdk-17.0.6\bin\msvcp140.dll
0x00007ff8396f0000 - 0x00007ff83a2c7000 	C:\Program Files\Java\jdk-17.0.6\bin\server\jvm.dll
0x00007ff87b140000 - 0x00007ff87b148000 	C:\Windows\System32\PSAPI.DLL
0x00007ff8692a0000 - 0x00007ff8692a9000 	C:\Windows\SYSTEM32\WSOCK32.dll
0x00007ff87be10000 - 0x00007ff87be7b000 	C:\Windows\System32\WS2_32.dll
0x00007ff86ee60000 - 0x00007ff86ee87000 	C:\Windows\SYSTEM32\WINMM.dll
0x00007ff878510000 - 0x00007ff878523000 	C:\Windows\SYSTEM32\kernel.appcore.dll
0x00007ff86a920000 - 0x00007ff86a92a000 	C:\Program Files\Java\jdk-17.0.6\bin\jimage.dll
0x00007ff8740f0000 - 0x00007ff8742d4000 	C:\Windows\SYSTEM32\DBGHELP.DLL
0x00007ff873d90000 - 0x00007ff873dbc000 	C:\Windows\SYSTEM32\dbgcore.DLL
0x00007ff87aba0000 - 0x00007ff87ac1f000 	C:\Windows\System32\bcryptPrimitives.dll
0x00007ff8752a0000 - 0x00007ff8752ae000 	C:\Program Files\Java\jdk-17.0.6\bin\instrument.dll
0x00007ff864100000 - 0x00007ff864125000 	C:\Program Files\Java\jdk-17.0.6\bin\java.dll
0x00007ff83b1b0000 - 0x00007ff83b287000 	C:\Program Files\Java\jdk-17.0.6\bin\jsvml.dll
0x00007ff87be80000 - 0x00007ff87c5b1000 	C:\Windows\System32\SHELL32.dll
0x00007ff878710000 - 0x00007ff878e9a000 	C:\Windows\SYSTEM32\windows.storage.dll
0x00007ff87c6d0000 - 0x00007ff87ca24000 	C:\Windows\System32\combase.dll
0x00007ff879f70000 - 0x00007ff879f9b000 	C:\Windows\SYSTEM32\Wldp.dll
0x00007ff87cb10000 - 0x00007ff87cbbe000 	C:\Windows\System32\SHCORE.dll
0x00007ff87cc30000 - 0x00007ff87cc85000 	C:\Windows\System32\shlwapi.dll
0x00007ff87a500000 - 0x00007ff87a51f000 	C:\Windows\SYSTEM32\profapi.dll
0x00007ff8640c0000 - 0x00007ff8640d8000 	C:\Program Files\Java\jdk-17.0.6\bin\zip.dll
0x00007ff865390000 - 0x00007ff8653a9000 	C:\Program Files\Java\jdk-17.0.6\bin\net.dll
0x00007ff86f2b0000 - 0x00007ff86f3b0000 	C:\Windows\SYSTEM32\WINHTTP.dll
0x00007ff879d60000 - 0x00007ff879dca000 	C:\Windows\system32\mswsock.dll
0x00007ff8640e0000 - 0x00007ff8640f6000 	C:\Program Files\Java\jdk-17.0.6\bin\nio.dll
0x00007ff864060000 - 0x00007ff86407a000 	C:\Program Files\JetBrains\IntelliJ IDEA 2022.2.1\bin\breakgen64.dll
0x00007ff879a60000 - 0x00007ff879b2a000 	C:\Windows\SYSTEM32\DNSAPI.dll
0x00007ff879a20000 - 0x00007ff879a5b000 	C:\Windows\SYSTEM32\IPHLPAPI.DLL
0x00007ff87cbc0000 - 0x00007ff87cbc9000 	C:\Windows\System32\NSI.dll
0x0000000072c00000 - 0x0000000072c26000 	C:\Program Files\Bonjour\mdnsNSP.dll
0x00007ff86d640000 - 0x00007ff86d64a000 	C:\Windows\System32\rasadhlp.dll
0x00007ff870400000 - 0x00007ff87047f000 	C:\Windows\System32\fwpuclnt.dll
0x00007ff87a8a0000 - 0x00007ff87a8c7000 	C:\Windows\System32\bcrypt.dll
0x00007ff8640a0000 - 0x00007ff8640aa000 	C:\Program Files\Java\jdk-17.0.6\bin\management.dll
0x00007ff864090000 - 0x00007ff86409b000 	C:\Program Files\Java\jdk-17.0.6\bin\management_ext.dll
0x00007ff87a2a0000 - 0x00007ff87a2b8000 	C:\Windows\SYSTEM32\CRYPTSP.dll
0x00007ff8796a0000 - 0x00007ff8796d4000 	C:\Windows\system32\rsaenh.dll
0x00007ff87a4c0000 - 0x00007ff87a4ee000 	C:\Windows\SYSTEM32\USERENV.dll
0x00007ff879ee0000 - 0x00007ff879eec000 	C:\Windows\SYSTEM32\CRYPTBASE.dll
0x00007ff872ab0000 - 0x00007ff872ac7000 	C:\Windows\SYSTEM32\dhcpcsvc6.DLL
0x00007ff873410000 - 0x00007ff87342d000 	C:\Windows\SYSTEM32\dhcpcsvc.DLL
0x00007ff851b20000 - 0x00007ff851b37000 	C:\Windows\system32\napinsp.dll
0x00007ff851b00000 - 0x00007ff851b1b000 	C:\Windows\system32\pnrpnsp.dll
0x00007ff874ac0000 - 0x00007ff874ad5000 	C:\Windows\system32\wshbth.dll
0x00007ff8746c0000 - 0x00007ff8746dd000 	C:\Windows\system32\NLAapi.dll
0x00007ff851ae0000 - 0x00007ff851af2000 	C:\Windows\System32\winrnr.dll
0x00007ff8640b0000 - 0x00007ff8640c0000 	C:\Program Files\Java\jdk-17.0.6\bin\verify.dll

dbghelp: loaded successfully - version: 4.0.5 - missing functions: none
symbol engine: initialized successfully - sym options: 0x614 - pdb path: .;C:\Program Files\Java\jdk-17.0.6\bin;C:\Windows\SYSTEM32;C:\Windows\WinSxS\amd64_microsoft.windows.common-controls_6595b64144ccf1df_6.0.19041.1_none_b555e41d4684ddec;C:\Program Files\Java\jdk-17.0.6\bin\server;C:\Program Files\JetBrains\IntelliJ IDEA 2022.2.1\bin;C:\Program Files\Bonjour

VM Arguments:
jvm_args: -XX:TieredStopAtLevel=1 -Dspring.output.ansi.enabled=always -Dcom.sun.management.jmxremote -Dspring.jmx.enabled=true -Dspring.liveBeansView.mbeanDomain -Dspring.application.admin.enabled=true -javaagent:C:\Program Files\JetBrains\IntelliJ IDEA 2022.2.1\lib\idea_rt.jar=50781:C:\Program Files\JetBrains\IntelliJ IDEA 2022.2.1\bin -Dfile.encoding=UTF-8 
java_command: com.lgguan.iot.position.ApplicationKt
java_class_path (initial): D:\GitHub\indoor-location-system\build\classes\kotlin\main;D:\GitHub\indoor-location-system\build\resources\main;C:\gradle\gradle-7.5.1\bin\caches\modules-2\files-2.1\org.springframework.boot\spring-boot-starter-websocket\3.0.2\5821185ac80a248c407f610cb2038e1e7ce5430a\spring-boot-starter-websocket-3.0.2.jar;C:\gradle\gradle-7.5.1\bin\caches\modules-2\files-2.1\org.springframework.boot\spring-boot-starter-web\3.0.2\3f6a2cb4cb11bac3611f5a95e234589eb190dd29\spring-boot-starter-web-3.0.2.jar;C:\gradle\gradle-7.5.1\bin\caches\modules-2\files-2.1\org.springframework.boot\spring-boot-starter-aop\3.0.2\cfb3ff6a7f8d47c9703f140387f39a837b81ab52\spring-boot-starter-aop-3.0.2.jar;C:\gradle\gradle-7.5.1\bin\caches\modules-2\files-2.1\org.springframework.security\spring-security-crypto\6.0.1\2384513fec136174d4be8ebaf3a2cf9aecef5416\spring-security-crypto-6.0.1.jar;C:\gradle\gradle-7.5.1\bin\caches\modules-2\files-2.1\org.springframework.boot\spring-boot-starter-validation\3.0.2\19c672463a693c8a3cecaf458cd7e69f2971eea7\spring-boot-starter-validation-3.0.2.jar;C:\gradle\gradle-7.5.1\bin\caches\modules-2\files-2.1\org.springframework.integration\spring-integration-mqtt\6.0.2\9635ff68e6dd479dd2f19613a69f65853896e3e4\spring-integration-mqtt-6.0.2.jar;C:\gradle\gradle-7.5.1\bin\caches\modules-2\files-2.1\org.eclipse.paho\org.eclipse.paho.mqttv5.client\1.2.5\82a20fe54f2bed0ef63b08a904bcfbd546e281f8\org.eclipse.paho.mqttv5.client-1.2.5.jar;C:\gradle\gradle-7.5.1\bin\caches\modules-2\files-2.1\com.baomidou\mybatis-plus-boot-starter\3.5.3.1\e941d2faf732afcde79b56a330b83a6f8ee115f4\mybatis-plus-boot-starter-3.5.3.1.jar;C:\gradle\gradle-7.5.1\bin\caches\modules-2\files-2.1\io.github.nefilim.kjwt\kjwt-core\0.5.1\7ce2d58b9523df8a1a97c6a81e1b1cccae8a868\kjwt-core-0.5.1.jar;C:\gradle\gradle-7.5.1\bin\caches\modules-2\files-2.1\io.arrow-kt\arrow-core-jvm\1.0.1\8c28a37488134ec86c7ae90e7cf2d7c7ece5d834\arrow-core-jvm-1.0.1.jar;C:\gradle\gradle-7.5.1\bin\caches\modules-2
Launcher Type: SUN_STANDARD

[Global flags]
     intx CICompilerCount                          = 3                                         {product} {ergonomic}
     uint ConcGCThreads                            = 1                                         {product} {ergonomic}
     uint G1ConcRefinementThreads                  = 4                                         {product} {ergonomic}
   size_t G1HeapRegionSize                         = 1048576                                   {product} {ergonomic}
    uintx GCDrainStackTargetSize                   = 64                                        {product} {ergonomic}
   size_t InitialHeapSize                          = 134217728                                 {product} {ergonomic}
     bool ManagementServer                         = true                                      {product} {command line}
   size_t MarkStackSize                            = 4194304                                   {product} {ergonomic}
   size_t MaxHeapSize                              = 2128609280                                {product} {ergonomic}
   size_t MaxNewSize                               = 1277165568                                {product} {ergonomic}
   size_t MinHeapDeltaBytes                        = 1048576                                   {product} {ergonomic}
   size_t MinHeapSize                              = 8388608                                   {product} {ergonomic}
    uintx NonProfiledCodeHeapSize                  = 0                                      {pd product} {ergonomic}
     bool ProfileInterpreter                       = false                                  {pd product} {command line}
    uintx ProfiledCodeHeapSize                     = 0                                      {pd product} {ergonomic}
   size_t SoftMaxHeapSize                          = 2128609280                             {manageable} {ergonomic}
     intx TieredStopAtLevel                        = 1                                         {product} {command line}
     bool UseCompressedClassPointers               = true                           {product lp64_product} {ergonomic}
     bool UseCompressedOops                        = true                           {product lp64_product} {ergonomic}
     bool UseG1GC                                  = true                                      {product} {ergonomic}
     bool UseLargePagesIndividualAllocation        = false                                  {pd product} {ergonomic}

Logging:
Log output configuration:
 #0: stdout all=warning uptime,level,tags
 #1: stderr all=off uptime,level,tags

Environment Variables:
JAVA_HOME=C:\Program Files\Java\jdk-11
CLASSPATH=.;C:\Program Files\Java\jdk-11\lib;C:\Program Files\Java\jdk-11\lib\tools.jar
PATH=C:\Program Files\Common Files\Oracle\Java\javapath;C:\Program Files (x86)\VMware\VMware Workstation\bin\;C:\Windows\system32;C:\Windows;C:\Windows\System32\Wbem;C:\Windows\System32\WindowsPowerShell\v1.0\;C:\Windows\System32\OpenSSH\;C:\Program Files\Git\cmd;C:\Program Files\Java\jdk-11\bin;C:\Program Files\Java\jdk-11\jre\bin;C:\Program Files\nodejs\;C:\Python27\;C:\gradle\gradle-7.5.1\bin;;C:\Program Files\Docker\Docker\resources\bin;C:\Users\Administrator\AppData\Local\Microsoft\WindowsApps;C:\Users\Administrator\AppData\Local\Programs\Microsoft VS Code\bin;C:\Users\Administrator\AppData\Roaming\npm;C:\Users\Administrator\AppData\Local\GitHubDesktop\bin
USERNAME=Administrator
OS=Windows_NT
PROCESSOR_IDENTIFIER=Intel64 Family 6 Model 69 Stepping 1, GenuineIntel



---------------  S Y S T E M  ---------------

OS:
 Windows 10 , 64 bit Build 19041 (10.0.19041.207)
OS uptime: 0 days 0:42 hours
Hyper-V role detected

CPU: total 4 (initial active 4) (2 cores per cpu, 2 threads per core) family 6 model 69 stepping 1 microcode 0x26, cx8, cmov, fxsr, ht, mmx, sse, sse2, sse3, ssse3, sse4.1, sse4.2, popcnt, lzcnt, tsc, tscinvbit, avx, avx2, aes, erms, clmul, bmi1, bmi2, fma, vzeroupper, clflush, hv

Memory: 4k page, system-wide physical 8119M (1505M free)
TotalPageFile size 16055M (AvailPageFile size 7069M)
current process WorkingSet (physical memory assigned to process): 90M, peak: 90M
current process commit charge ("private bytes"): 226M, peak: 226M

vm_info: Java HotSpot(TM) 64-Bit Server VM (17.0.6+9-LTS-190) for windows-amd64 JRE (17.0.6+9-LTS-190), built on Dec  6 2022 15:53:54 by "mach5one" with MS VC++ 17.1 (VS2022)

END.
